gyp info it worked if it ends with ok
gyp verb cli [ 'C:\\Program Files (x86)\\nodejs\\node.exe',
gyp verb cli   'C:\\Users\\IEUser\\AppData\\Roaming\\npm\\node_modules\\node-gyp\\bin\\node-gyp.js',
gyp verb cli   'clean',
gyp verb cli   'configure',
gyp verb cli   'build',
gyp verb cli   '--arch=ia32',
gyp verb cli   '--verbose' ]
gyp info using node-gyp@3.8.0
gyp info using node@11.8.0 | win32 | ia32
gyp verb command clean []
gyp verb clean removing "build" directory
gyp verb command configure []
gyp verb check python checking for Python executable "C:\Users\IEUser\.windows-build-tools\python27\python.exe" in the PATH
gyp verb `which` succeeded C:\Users\IEUser\.windows-build-tools\python27\python.exe C:\Users\IEUser\.windows-build-tools\python27\python.exe
gyp verb check python version `C:\Users\IEUser\.windows-build-tools\python27\python.exe -c "import sys; print "2.7.15
gyp verb check python version .%s.%s" % sys.version_info[:3];"` returned: %j
gyp verb get node dir no --target version specified, falling back to host node version: 11.8.0
gyp verb command install [ '11.8.0' ]
gyp verb install input version string "11.8.0"
gyp verb install installing version: 11.8.0
gyp verb install --ensure was passed, so won't reinstall if already installed
gyp verb install version is already installed, need to check "installVersion"
gyp verb got "installVersion" 9
gyp verb needs "installVersion" 9
gyp verb install version is good
gyp verb get node dir target node version installed: 11.8.0
gyp verb build dir attempting to create "build" dir: C:\sample\build
gyp verb build dir "build" dir needed to be created? C:\sample\build
gyp verb Not using VS2017: Could not use PowerShell to find VS2017
gyp verb build/config.gypi creating config file
gyp verb build/config.gypi writing out config file: C:\sample\build\config.gypi
gyp verb config.gypi checking for gypi file: C:\sample\config.gypi
gyp verb common.gypi checking for gypi file: C:\sample\common.gypi
gyp verb gyp gyp format was not specified; forcing "msvs"
gyp info spawn C:\Users\IEUser\.windows-build-tools\python27\python.exe
gyp info spawn args [ 'C:\\Users\\IEUser\\AppData\\Roaming\\npm\\node_modules\\node-gyp\\gyp\\gyp_main.py',
gyp info spawn args   'binding.gyp',
gyp info spawn args   '-f',
gyp info spawn args   'msvs',
gyp info spawn args   '-G',
gyp info spawn args   'msvs_version=auto',
gyp info spawn args   '-I',
gyp info spawn args   'C:\\sample\\build\\config.gypi',
gyp info spawn args   '-I',
gyp info spawn args   'C:\\Users\\IEUser\\AppData\\Roaming\\npm\\node_modules\\node-gyp\\addon.gypi',
gyp info spawn args   '-I',
gyp info spawn args   'C:\\Users\\IEUser\\.node-gyp\\11.8.0\\include\\node\\common.gypi',
gyp info spawn args   '-Dlibrary=shared_library',
gyp info spawn args   '-Dvisibility=default',
gyp info spawn args   '-Dnode_root_dir=C:\\Users\\IEUser\\.node-gyp\\11.8.0',
gyp info spawn args   '-Dnode_gyp_dir=C:\\Users\\IEUser\\AppData\\Roaming\\npm\\node_modules\\node-gyp',
gyp info spawn args   '-Dnode_lib_file=C:\\Users\\IEUser\\.node-gyp\\11.8.0\\<(target_arch)\\node.lib',
gyp info spawn args   '-Dmodule_root_dir=C:\\sample',
gyp info spawn args   '-Dnode_engine=v8',
gyp info spawn args   '--depth=.',
gyp info spawn args   '--no-parallel',
gyp info spawn args   '--generator-output',
gyp info spawn args   'C:\\sample\\build',
gyp info spawn args   '-Goutput_dir=.' ]
gyp verb command build []
gyp verb build type Release
gyp verb architecture ia32
gyp verb node dev dir C:\Users\IEUser\.node-gyp\11.8.0
gyp verb found first Solution file build/binding.sln
gyp verb could not find "msbuild.exe" in PATH - finding location in registry 
gyp info spawn C:\Program Files (x86)\MSBuild\14.0\bin\msbuild.exe
gyp info spawn args [ 'build/binding.sln',
gyp info spawn args   '/nologo',
gyp info spawn args   '/p:Configuration=Release;Platform=Win32' ]
Building the projects in this solution one at a time. To enable parallel build, please add the "/m" switch.
Build started 2/21/2019 8:02:58 PM.
Project "C:\sample\build\binding.sln" on node 1 (default targets).
ValidateSolutionConfiguration:
  Building solution configuration "Release|Win32".
Project "C:\sample\build\binding.sln" (1) is building "C:\sample\node_modules\node-addon-api\src\nothing.vcxproj" (2) on node 1 (default targets).
PrepareForBuild:
  Creating directory "C:\sample\build\Release\".
InitializeBuildStatus:
  Creating "Release\obj\nothing\nothing.tlog\unsuccessfulbuild" because "AlwaysCreate" was specified.
ClCompile:
  All outputs are up-to-date.
  All outputs are up-to-date.
Lib:
  C:\Program Files (x86)\Microsoft Visual Studio 14.0\VC\bin\amd64_x86\Lib.exe /OUT:"C:\sample\build\Release\nothing.lib" /NOLOGO /LTCG:INCREMENTAL Release\obj\nothing\nothing.obj
  Release\obj\nothing\win_delay_load_hook.obj
  nothing.vcxproj -> C:\sample\build\Release\\nothing.lib
FinalizeBuildStatus:
  Deleting file "Release\obj\nothing\nothing.tlog\unsuccessfulbuild".
  Touching "Release\obj\nothing\nothing.tlog\nothing.lastbuildstate".
Done Building Project "C:\sample\node_modules\node-addon-api\src\nothing.vcxproj" (default targets).
Project "C:\sample\build\binding.sln" (1) is building "C:\sample\build\testlib.vcxproj.metaproj" (3) on node 1 (default targets).
Project "C:\sample\build\testlib.vcxproj.metaproj" (3) is building "C:\sample\build\testlib.vcxproj" (4) on node 1 (default targets).
PrepareForBuild:
  Creating directory "Release\obj\testlib\".
  Creating directory "Release\obj\testlib\testlib.tlog\".
InitializeBuildStatus:
  Creating "Release\obj\testlib\testlib.tlog\unsuccessfulbuild" because "AlwaysCreate" was specified.
ClCompile:
  C:\Program Files (x86)\Microsoft Visual Studio 14.0\VC\bin\amd64_x86\CL.exe /c /I"C:\Users\IEUser\.node-gyp\11.8.0\include\node" /I"C:\Users\IEUser\.node-gyp\11.8.0\src" /I"C:\Users\IEUser\.node-gyp\11.8.0\deps\openssl\config" /I"C:\Users\IEUser\.node-gyp\11.8.0\deps\openssl\openssl\include" /I"C:\Users\IEUser\.node-gyp\11.8.0\deps\uv\include" /I"C:\Users\IEUser\.node-gyp\11.8.0\deps\zlib" /I"C:\Users\IEUser\.node-gyp\11.8.0\deps\v8\include" /I"C:\sample\node_modules\node-addon-api" /IC:\sample\clib /Z7 /nologo /W3 /WX- /MP /Ox /Ob2 /Oi /Ot /Oy /GL /D NODE_GYP_MODULE_NAME=testlib /D USING_UV_SHARED=1 /D USING_V8_SHARED=1 /D V8_DEPRECATION_WARNINGS=1 /D WIN32 /D _CRT_SECURE_NO_DEPRECATE /D _CRT_NONSTDC_NO_DEPRECATE /D _HAS_EXCEPTIONS=0 /D BUILDING_NODE_EXTENSION /D _WINDLL /GF /Gm- /EHsc /MT /GS /Gy /fp:precise /Zc:wchar_t /Zc:forScope /Zc:inline /GR- /Fo"Release\obj\testlib\\" /Fd"Release\obj\testlib\vc140.pdb" /Gd /TP /wd4351 /wd4355 /wd4800 /wd4251 /wd4275 /wd4244 /wd4267 /analyze- /errorReport:queue ..\jsbinding.cpp "C:\Users\IEUser\AppData\Roaming\npm\node_modules\node-gyp\src\win_delay_load_hook.cc"
  jsbinding.cpp
  win_delay_load_hook.cc
Link:
  C:\Program Files (x86)\Microsoft Visual Studio 14.0\VC\bin\amd64_x86\link.exe /ERRORREPORT:QUEUE /OUT:"C:\sample\build\Release\testlib.node" /INCREMENTAL:NO /NOLOGO kernel32.lib user32.lib gdi32.lib winspool.lib comdlg32.lib advapi32.lib shell32.lib ole32.lib oleaut32.lib uuid.lib odbc32.lib DelayImp.lib "C:\Users\IEUser\.node-gyp\11.8.0\ia32\node.lib" C:\sample\clib\foo.lib Delayimp.lib /DELAYLOAD:iojs.exe /DELAYLOAD:node.exe /MANIFEST /MANIFESTUAC:"level='asInvoker' uiAccess='false'" /manifest:embed /DEBUG /PDB:"C:\sample\build\Release\testlib.pdb" /MAP /MAPINFO:EXPORTS /OPT:REF /OPT:ICF /TLBID:1 /DYNAMICBASE /NXCOMPAT /MACHINE:X86 /SAFESEH /ignore:4199 /LTCG:INCREMENTAL /DLL Release\obj\testlib\jsbinding.obj
  Release\obj\testlib\win_delay_load_hook.obj
  C:\sample\build\Release\nothing.lib
     Creating library C:\sample\build\Release\testlib.lib and object C:\sample\build\Release\testlib.exp
jsbinding.obj : error LNK2001: unresolved external symbol "void __cdecl foo_thing(void)" (?foo_thing@@YAXXZ) [C:\sample\build\testlib.vcxproj]
C:\sample\build\Release\testlib.node : fatal error LNK1120: 1 unresolved externals [C:\sample\build\testlib.vcxproj]
Done Building Project "C:\sample\build\testlib.vcxproj" (default targets) -- FAILED.
Done Building Project "C:\sample\build\testlib.vcxproj.metaproj" (default targets) -- FAILED.
Done Building Project "C:\sample\build\binding.sln" (default targets) -- FAILED.

Build FAILED.

"C:\sample\build\binding.sln" (default target) (1) ->
"C:\sample\build\testlib.vcxproj.metaproj" (default target) (3) ->
"C:\sample\build\testlib.vcxproj" (default target) (4) ->
(Link target) -> 
  jsbinding.obj : error LNK2001: unresolved external symbol "void __cdecl foo_thing(void)" (?foo_thing@@YAXXZ) [C:\sample\build\testlib.vcxproj]
  C:\sample\build\Release\testlib.node : fatal error LNK1120: 1 unresolved externals [C:\sample\build\testlib.vcxproj]

    0 Warning(s)
    2 Error(s)

Time Elapsed 00:00:04.20
gyp ERR! build error 
gyp ERR! stack Error: `C:\Program Files (x86)\MSBuild\14.0\bin\msbuild.exe` failed with exit code: 1
gyp ERR! stack     at ChildProcess.onExit (C:\Users\IEUser\AppData\Roaming\npm\node_modules\node-gyp\lib\build.js:262:23)
gyp ERR! stack     at ChildProcess.emit (events.js:197:13)
gyp ERR! stack     at Process.ChildProcess._handle.onexit (internal/child_process.js:254:12)
gyp ERR! System Windows_NT 10.0.15063
gyp ERR! command "C:\\Program Files (x86)\\nodejs\\node.exe" "C:\\Users\\IEUser\\AppData\\Roaming\\npm\\node_modules\\node-gyp\\bin\\node-gyp.js" "clean" "configure" "build" "--arch=ia32" "--verbose"
gyp ERR! cwd C:\sample
gyp ERR! node -v v11.8.0
gyp ERR! node-gyp -v v3.8.0
gyp ERR! not ok 
